#
# There is insufficient memory for the Java Runtime Environment to continue.
# Native memory allocation (mmap) failed to map 134217728 bytes for G1 virtual space
# Possible reasons:
#   The system is out of physical RAM or swap space
#   The process is running with CompressedOops enabled, and the Java Heap may be blocking the growth of the native heap
# Possible solutions:
#   Reduce memory load on the system
#   Increase physical memory or swap space
#   Check if swap backing store is full
#   Decrease Java heap size (-Xmx/-Xms)
#   Decrease number of Java threads
#   Decrease Java thread stack sizes (-Xss)
#   Set larger code cache with -XX:ReservedCodeCacheSize=
#   JVM is running with Unscaled Compressed Oops mode in which the Java heap is
#     placed in the first 4GB address space. The Java Heap base address is the
#     maximum limit for the native heap growth. Please use -XX:HeapBaseMinAddress
#     to set the Java Heap base and to place the Java Heap above 4GB virtual address.
# This output file may be truncated or incomplete.
#
#  Out of Memory Error (os_windows.cpp:3557), pid=13056, tid=20080
#
# JRE version:  (17.0.6+10) (build )
# Java VM: OpenJDK 64-Bit Server VM (17.0.6+10, mixed mode, sharing, tiered, compressed oops, compressed class ptrs, g1 gc, windows-amd64)
# No core dump will be written. Minidumps are not enabled by default on client versions of Windows
#

---------------  S U M M A R Y ------------

Command Line: -Dfile.encoding=UTF-8 --module-path=C:\Users\Sai\Desktop\HR-Management-System\StarHRMS\bin -XX:+ShowCodeDetailsInExceptionMessages -Djdk.module.main=StarHRMS StarHRMS/com.masai.ui.MainUI

Host: Intel(R) Core(TM) i5-4570TE CPU @ 2.70GHz, 4 cores, 7G,  Windows 10 , 64 bit Build 19041 (10.0.19041.2788)
Time: Thu May 11 19:16:09 2023 India Standard Time elapsed time: 0.019837 seconds (0d 0h 0m 0s)

---------------  T H R E A D  ---------------

Current thread (0x000001f189ead800):  JavaThread "Unknown thread" [_thread_in_vm, id=20080, stack(0x0000004c71300000,0x0000004c71400000)]

Stack: [0x0000004c71300000,0x0000004c71400000]
Native frames: (J=compiled Java code, j=interpreted, Vv=VM code, C=native code)
V  [jvm.dll+0x67741a]
V  [jvm.dll+0x834434]
V  [jvm.dll+0x835bde]
V  [jvm.dll+0x836243]
V  [jvm.dll+0x2457b5]
V  [jvm.dll+0x674329]
V  [jvm.dll+0x6689da]
V  [jvm.dll+0x30489b]
V  [jvm.dll+0x30bd96]
V  [jvm.dll+0x35b57e]
V  [jvm.dll+0x35b7af]
V  [jvm.dll+0x2db778]
V  [jvm.dll+0x2dc6e4]
V  [jvm.dll+0x806131]
V  [jvm.dll+0x369331]
V  [jvm.dll+0x7e56ac]
V  [jvm.dll+0x3eb35f]
V  [jvm.dll+0x3ecea1]
C  [jli.dll+0x5267]
C  [ucrtbase.dll+0x21bb2]
C  [KERNEL32.DLL+0x17604]
C  [ntdll.dll+0x526a1]


---------------  P R O C E S S  ---------------

Threads class SMR info:
_java_thread_list=0x00007ffe94085fd8, length=0, elements={
}

Java Threads: ( => current thread )

Other Threads:
  0x000001f18bf14e90 GCTaskThread "GC Thread#0" [stack: 0x0000004c71400000,0x0000004c71500000] [id=7992]
  0x000001f18bf259d0 ConcurrentGCThread "G1 Main Marker" [stack: 0x0000004c71500000,0x0000004c71600000] [id=20048]
  0x000001f18bf26bc0 ConcurrentGCThread "G1 Conc#0" [stack: 0x0000004c71600000,0x0000004c71700000] [id=1828]

[error occurred during error reporting (printing all threads), id 0xc0000005, EXCEPTION_ACCESS_VIOLATION (0xc0000005) at pc=0x00007ffe9385c1e7]

VM state: not at safepoint (not fully initialized)

VM Mutex/Monitor currently owned by a thread:  ([mutex/lock_event])
[0x000001f18beb91a0] Heap_lock - owner thread: 0x000001f189ead800

Heap address: 0x0000000081800000, size: 2024 MB, Compressed Oops mode: 32-bit

CDS archive(s) mapped at: [0x0000000000000000-0x0000000000000000-0x0000000000000000), size 0, SharedBaseAddress: 0x0000000800000000, ArchiveRelocationMode: 0.
Narrow klass base: 0x0000000000000000, Narrow klass shift: 0, Narrow klass range: 0x0

GC Precious Log:
<Empty>

Heap:
 garbage-first heap   total 0K, used 0K [0x0000000081800000, 0x0000000100000000)
  region size 1024K, 0 young (0K), 0 survivors (0K)

[error occurred during error reporting (printing heap information), id 0xc0000005, EXCEPTION_ACCESS_VIOLATION (0xc0000005) at pc=0x00007ffe93c406f9]

GC Heap History (0 events):
No events

Dll operation events (1 events):
Event: 0.013 Loaded shared library C:\sts\plugins\org.eclipse.justj.openjdk.hotspot.jre.full.win32.x86_64_17.0.6.v20230204-1729\jre\bin\java.dll

Deoptimization events (0 events):
No events

Classes unloaded (0 events):
No events

Classes redefined (0 events):
No events

Internal exceptions (0 events):
No events

VM Operations (0 events):
No events

Events (0 events):
No events


Dynamic libraries:
0x00007ff6db940000 - 0x00007ff6db94e000 	C:\sts\plugins\org.eclipse.justj.openjdk.hotspot.jre.full.win32.x86_64_17.0.6.v20230204-1729\jre\bin\javaw.exe
0x00007ffedb070000 - 0x00007ffedb268000 	C:\Windows\SYSTEM32\ntdll.dll
0x00007ffeda0a0000 - 0x00007ffeda15f000 	C:\Windows\System32\KERNEL32.DLL
0x00007ffed8d30000 - 0x00007ffed900a000 	C:\Windows\System32\KERNELBASE.dll
0x00007ffed89e0000 - 0x00007ffed8ae0000 	C:\Windows\System32\ucrtbase.dll
0x00007ffecc200000 - 0x00007ffecc217000 	C:\sts\plugins\org.eclipse.justj.openjdk.hotspot.jre.full.win32.x86_64_17.0.6.v20230204-1729\jre\bin\jli.dll
0x00007ffed94e0000 - 0x00007ffed967d000 	C:\Windows\System32\USER32.dll
0x00007ffed8c90000 - 0x00007ffed8cb2000 	C:\Windows\System32\win32u.dll
0x00007ffeda070000 - 0x00007ffeda09b000 	C:\Windows\System32\GDI32.dll
0x00007ffed8ae0000 - 0x00007ffed8bf0000 	C:\Windows\System32\gdi32full.dll
0x00007ffed8bf0000 - 0x00007ffed8c8d000 	C:\Windows\System32\msvcp_win.dll
0x00007ffec9870000 - 0x00007ffec9889000 	C:\sts\plugins\org.eclipse.justj.openjdk.hotspot.jre.full.win32.x86_64_17.0.6.v20230204-1729\jre\bin\VCRUNTIME140.dll
0x00007ffec64a0000 - 0x00007ffec673a000 	C:\Windows\WinSxS\amd64_microsoft.windows.common-controls_6595b64144ccf1df_6.0.19041.1110_none_60b5254171f9507e\COMCTL32.dll
0x00007ffed9de0000 - 0x00007ffed9e7e000 	C:\Windows\System32\msvcrt.dll
0x00007ffeda940000 - 0x00007ffeda970000 	C:\Windows\System32\IMM32.DLL
0x00007ffece620000 - 0x00007ffece62c000 	C:\sts\plugins\org.eclipse.justj.openjdk.hotspot.jre.full.win32.x86_64_17.0.6.v20230204-1729\jre\bin\vcruntime140_1.dll
0x00007ffeaad90000 - 0x00007ffeaae21000 	C:\sts\plugins\org.eclipse.justj.openjdk.hotspot.jre.full.win32.x86_64_17.0.6.v20230204-1729\jre\bin\msvcp140.dll
0x00007ffe93570000 - 0x00007ffe941b7000 	C:\sts\plugins\org.eclipse.justj.openjdk.hotspot.jre.full.win32.x86_64_17.0.6.v20230204-1729\jre\bin\server\jvm.dll
0x00007ffeda890000 - 0x00007ffeda93e000 	C:\Windows\System32\ADVAPI32.dll
0x00007ffed9fd0000 - 0x00007ffeda06c000 	C:\Windows\System32\sechost.dll
0x00007ffed9180000 - 0x00007ffed92a6000 	C:\Windows\System32\RPCRT4.dll
0x00007ffed2140000 - 0x00007ffed2149000 	C:\Windows\SYSTEM32\WSOCK32.dll
0x00007ffed9e80000 - 0x00007ffed9eeb000 	C:\Windows\System32\WS2_32.dll
0x00007ffec4400000 - 0x00007ffec4427000 	C:\Windows\SYSTEM32\WINMM.dll
0x00007ffec85b0000 - 0x00007ffec85ba000 	C:\Windows\SYSTEM32\VERSION.dll
0x00007ffed6660000 - 0x00007ffed6672000 	C:\Windows\SYSTEM32\kernel.appcore.dll
0x00007ffed1df0000 - 0x00007ffed1dfa000 	C:\sts\plugins\org.eclipse.justj.openjdk.hotspot.jre.full.win32.x86_64_17.0.6.v20230204-1729\jre\bin\jimage.dll
0x00007ffec74e0000 - 0x00007ffec76c4000 	C:\Windows\SYSTEM32\DBGHELP.DLL
0x00007ffec6fd0000 - 0x00007ffec7004000 	C:\Windows\SYSTEM32\dbgcore.DLL
0x00007ffed9040000 - 0x00007ffed90c2000 	C:\Windows\System32\bcryptPrimitives.dll
0x00007ffec90f0000 - 0x00007ffec9115000 	C:\sts\plugins\org.eclipse.justj.openjdk.hotspot.jre.full.win32.x86_64_17.0.6.v20230204-1729\jre\bin\java.dll

dbghelp: loaded successfully - version: 4.0.5 - missing functions: none
symbol engine: initialized successfully - sym options: 0x614 - pdb path: .;C:\sts\plugins\org.eclipse.justj.openjdk.hotspot.jre.full.win32.x86_64_17.0.6.v20230204-1729\jre\bin;C:\Windows\SYSTEM32;C:\Windows\WinSxS\amd64_microsoft.windows.common-controls_6595b64144ccf1df_6.0.19041.1110_none_60b5254171f9507e;C:\sts\plugins\org.eclipse.justj.openjdk.hotspot.jre.full.win32.x86_64_17.0.6.v20230204-1729\jre\bin\server

VM Arguments:
jvm_args: -Dfile.encoding=UTF-8 --module-path=C:\Users\Sai\Desktop\HR-Management-System\StarHRMS\bin -XX:+ShowCodeDetailsInExceptionMessages -Djdk.module.main=StarHRMS 
java_command: StarHRMS/com.masai.ui.MainUI
java_class_path (initial): C:\Users\Sai\Desktop\HR-Management-System\StarHRMS\lib\mysql-connector-j-8.0.32.jar
Launcher Type: SUN_STANDARD

[Global flags]
     intx CICompilerCount                          = 3                                         {product} {ergonomic}
     uint ConcGCThreads                            = 1                                         {product} {ergonomic}
     uint G1ConcRefinementThreads                  = 4                                         {product} {ergonomic}
   size_t G1HeapRegionSize                         = 1048576                                   {product} {ergonomic}
    uintx GCDrainStackTargetSize                   = 64                                        {product} {ergonomic}
   size_t InitialHeapSize                          = 134217728                                 {product} {ergonomic}
   size_t MarkStackSize                            = 4194304                                   {product} {ergonomic}
   size_t MaxHeapSize                              = 2122317824                                {product} {ergonomic}
   size_t MinHeapDeltaBytes                        = 1048576                                   {product} {ergonomic}
   size_t MinHeapSize                              = 8388608                                   {product} {ergonomic}
    uintx NonNMethodCodeHeapSize                   = 5832780                                {pd product} {ergonomic}
    uintx NonProfiledCodeHeapSize                  = 122912730                              {pd product} {ergonomic}
    uintx ProfiledCodeHeapSize                     = 122912730                              {pd product} {ergonomic}
    uintx ReservedCodeCacheSize                    = 251658240                              {pd product} {ergonomic}
     bool SegmentedCodeCache                       = true                                      {product} {ergonomic}
     bool ShowCodeDetailsInExceptionMessages       = true                                   {manageable} {command line}
   size_t SoftMaxHeapSize                          = 2122317824                             {manageable} {ergonomic}
     bool UseCompressedClassPointers               = true                           {product lp64_product} {ergonomic}
     bool UseCompressedOops                        = true                           {product lp64_product} {ergonomic}
     bool UseG1GC                                  = true                                      {product} {ergonomic}
     bool UseLargePagesIndividualAllocation        = false                                  {pd product} {ergonomic}

Logging:
Log output configuration:
 #0: stdout all=warning uptime,level,tags
 #1: stderr all=off uptime,level,tags

Environment Variables:
JAVA_HOME=C:\Program Files\Java\jdk-20
PATH=C:/sts//plugins/org.eclipse.justj.openjdk.hotspot.jre.full.win32.x86_64_17.0.6.v20230204-1729/jre/bin/server;C:/sts//plugins/org.eclipse.justj.openjdk.hotspot.jre.full.win32.x86_64_17.0.6.v20230204-1729/jre/bin;C:\Program Files\Common Files\Oracle\Java\javapath;C:\Windows\system32;C:\Windows;C:\Windows\System32\Wbem;C:\Windows\System32\WindowsPowerShell\v1.0\;C:\Windows\System32\OpenSSH\;C:\Program Files\Git\cmd;C:\Program Files\nodejs\;C:\Program Files\Java\jdk-19\bin;C:\Program Files\apache-maven-3.9.1\bin;C:\Program Files\MySQL\MySQL Server 8.0\bin;C:\Users\Sai\AppData\Local\Microsoft\WindowsApps;;C:\Users\Sai\AppData\Local\Programs\Microsoft VS Code\bin;C:\Users\Sai\AppData\Roaming\npm;C:\sts;
USERNAME=Sai
OS=Windows_NT
PROCESSOR_IDENTIFIER=Intel64 Family 6 Model 60 Stepping 3, GenuineIntel
TMP=C:\Users\Sai\AppData\Local\Temp
TEMP=C:\Users\Sai\AppData\Local\Temp



---------------  S Y S T E M  ---------------

OS:
 Windows 10 , 64 bit Build 19041 (10.0.19041.2788)
OS uptime: 18 days 21:44 hours

CPU: total 4 (initial active 4) (2 cores per cpu, 2 threads per core) family 6 model 60 stepping 3 microcode 0x27, cx8, cmov, fxsr, ht, mmx, sse, sse2, sse3, ssse3, sse4.1, sse4.2, popcnt, lzcnt, tsc, tscinvbit, avx, avx2, aes, erms, clmul, bmi1, bmi2, fma, vzeroupper, clflush

Memory: 4k page, system-wide physical 8092M (674M free)
TotalPageFile size 22331M (AvailPageFile size 112M)
current process WorkingSet (physical memory assigned to process): 10M, peak: 10M
current process commit charge ("private bytes"): 51M, peak: 179M

vm_info: OpenJDK 64-Bit Server VM (17.0.6+10) for windows-amd64 JRE (17.0.6+10), built on Jan 18 2023 10:08:59 by "temurin" with MS VC++ 16.7 (VS2019)

END.
